


=== TIM NGHIEM HE PHUONG TRINH ===

      0      1      2      |      6
      0      1      3      |      2
      1      0      5      |      1

He phuong trinh co nghiem la:  x1 = 21	x2 = 14	x3 = -4	


=== TIM NGHIEM HE PHUONG TRINH ===

      0      1      2      |      6
      0      1      3      |      2
      1      0      5      |      1

He phuong trinh co nghiem la:  x1 = 21     x2 = 14     x3 = -4     


=== TIM NGHIEM HE PHUONG TRINH ===

      0      1      2      |      6
      0      1      3      |      2
      1      0      5      |      1

He phuong trinh co nghiem la:  x1 = 21     x2 = 14     x3 = -4     


=== TIM NGHIEM HE PHUONG TRINH ===

      0      1      2      |      6
      0      1      3      |      2
      1      0      5      |      1

He phuong trinh co nghiem la:  x1 = 21     x2 = 14     x3 = -4     


=== TIM NGHIEM HE PHUONG TRINH ===

   6.00   1.00   2.00      |   6.00
   0.00   0.33   1.67      |  -2.00
   0.00   0.00   0.50      |   5.00

He phuong trinh co nghiem la:  x1 = 7      x2 = -56    x3 = 10     


=== TIM NGHIEM HE PHUONG TRINH ===

   6.00   1.00   2.00   6.00      |   2.00
   4.00   1.00   3.00   2.00      |   3.00
   1.00   1.00   5.00   1.00      |   0.00

He phuong trinh co vo so nghiem.



=== TIM NGHIEM HE PHUONG TRINH ===

   6.00   1.00   2.00      |   8.00
   4.00   1.00   3.00      |   5.00
   1.00   1.00   5.00      |   1.00

He phuong trinh co nghiem la:  x1 = 2      x2 = -6     x3 = 1      


=== TIM NGHIEM HE PHUONG TRINH ===

   6.00   1.00   2.00      |   8.00
   4.00   1.00   3.00      |   5.00
   1.00   1.00   5.00      |   1.00

He phuong trinh co nghiem la:  x1 = 2      x2 = -6     x3 = 1      


=== TIM NGHIEM HE PHUONG TRINH ===

   1.00   2.00      |   5.00
   1.00   1.00      |   0.00
   3.00   1.00      |   1.00
   2.00   2.00      |   4.00
   5.00   5.00      |   0.00

He phuong trinh vo nghiem.
