


=== TIM NGHIEM HE PHUONG TRINH ===

   1.00   1.00   1.00      |   1.00
   1.00   1.00   1.00      |   1.00
   1.00   1.00   1.00      |   1.00

He phuong trinh co vo so nghiem.



=== TIM NGHIEM HE PHUONG TRINH ===

   1.00   1.00      |   1.00
   1.00   1.00      |   1.00
   1.00   1.00      |   1.00

He phuong trinh co vo so nghiem.



=== TIM NGHIEM HE PHUONG TRINH ===

   1.00   2.00   3.00      |   4.00
   1.00   1.00   1.00      |   1.00
   2.00   2.00   2.00      |   4.00

He phuong trinh vo nghiem.



=== TIM NGHIEM HE PHUONG TRINH ===

   6.00   2.00   2.00      |   4.00
   4.00   1.00   3.00      |   8.00
   1.00   1.00   5.00      |   2.00

He phuong trinh co nghiem la:  x1 = 3      x2 = -8.5   x3 = 1.5    