


	TIM NGHIEM HE PHUONG TRINH TUYEN TINH

===============================================================
      [x1]  +  4[x2]  +   [x3]  =  5
     2[x1]  +  3[x2]            =  5
      [x1]  +   [x2]  +  2[x3]  =  0
===============================================================
Ma tran duoc bien doi la:
   1.00   4.00   1.00      |   5.00
   0.00  -5.00  -2.00      |  -5.00
   0.00   0.00   2.20      |  -2.00

===============================================================
He phuong trinh co nghiem la: 
x1 = 0.45
x2 = 1.4
x3 = -0.91



	TIM NGHIEM HE PHUONG TRINH TUYEN TINH

===============================================================
      [x1]  +  4[x2]  +   [x3]  =  5
     2[x1]  +  3[x2]            =  5
      [x1]  +   [x2]  +  2[x3]  =  0
===============================================================
Ma tran duoc bien doi la:
   1.00   4.00   1.00      |   5.00
   0.00  -5.00  -2.00      |  -5.00
   0.00   0.00   2.20      |  -2.00

===============================================================
He phuong trinh co nghiem la: 
x1 = 0.45
x2 = 1.4
x3 = -0.91



	TIM NGHIEM HE PHUONG TRINH TUYEN TINH

===============================================================
      [x1]  +  4[x2]  +   [x3]  =  5
     2[x1]  +  3[x2]            =  5
      [x1]  +   [x2]  +  2[x3]  =  0
===============================================================
Ma tran duoc bien doi la:
   1.00   4.00   1.00      |   5.00
   0.00  -5.00  -2.00      |  -5.00
   0.00   0.00   2.20      |  -2.00

===============================================================
He phuong trinh co nghiem la: 
x1 = 0.45
x2 = 1.4
x3 = -0.91



	TIM NGHIEM HE PHUONG TRINH TUYEN TINH

===============================================================
      [x1]  +  4[x2]  +   [x3]  =  5
     2[x1]  +  3[x2]            =  5
      [x1]  +   [x2]  +  2[x3]  =  0
===============================================================
Ma tran duoc bien doi la:
   1.00   4.00   1.00      |   5.00
   0.00  -5.00  -2.00      |  -5.00
   0.00   0.00   2.20      |  -2.00

===============================================================
He phuong trinh co nghiem la: 
x1 = 0.45
x2 = 1.4
x3 = -0.91
