


	TIM NGHIEM HE PHUONG TRINH TUYEN TINH

===============================================================
      [x1]  +  2[x2]  +  3[x3]  +  4[x4]  +  5[x5]  +  6[x6]  +  7[x7]  =  8
     2[x1]  +  4[x2]  +  6[x3]  +  8[x4]  + 10[x5]  + 12[x6]  + 14[x7]  = 16
      [x1]  +   [x2]  +   [x3]  +   [x4]  +   [x5]  +   [x6]  +   [x7]  =  1
                                              [x5]  +  2[x6]  +  3[x7]  =  4
      [x1]  +  3[x2]  +  5[x3]  +  7[x4]  +  9[x5]  + 11[x6]  + 13[x7]  = 15
     4[x1]  +  3[x2]  +  2[x3]  +   [x4]            -   [x6]  -  2[x7]  = -3
     3[x1]  +  2[x2]  +   [x3]            -   [x5]  -  2[x6]  -  3[x7]  =  8
===============================================================
Ma tran duoc bien doi la:
   1.00   2.00   3.00   4.00   5.00   6.00   7.00      |   8.00
   0.00  -1.00  -2.00  -3.00  -4.00  -5.00  -6.00      |  -7.00
   0.00   0.00   0.00   0.00   1.00   2.00   3.00      |   4.00
   0.00   0.00   0.00   0.00   0.00   0.00   0.00      |  12.00
   0.00   0.00   0.00   0.00   0.00   0.00   0.00      |   0.00
   0.00   0.00   0.00   0.00   0.00   0.00   0.00      |   0.00
   0.00   0.00   0.00   0.00   0.00   0.00   0.00      |   0.00

===============================================================
He phuong trinh vo nghiem.



	TIM NGHIEM HE PHUONG TRINH TUYEN TINH

===============================================================
      [x1]  +  2[x2]  +  3[x3]  +  4[x4]  +  5[x5]  +  6[x6]  +  7[x7]  =  8
     2[x1]  +  4[x2]  +  6[x3]  +  8[x4]  + 10[x5]  + 12[x6]  + 14[x7]  = 16
      [x1]  +   [x2]  +   [x3]  +   [x4]  +   [x5]  +   [x6]  +   [x7]  =  1
                                              [x5]  +  2[x6]  +  3[x7]  =  4
      [x1]  +  3[x2]  +  5[x3]  +  7[x4]  +  9[x5]  + 11[x6]  + 13[x7]  = 15
     4[x1]  +  3[x2]  +  2[x3]  +   [x4]            -   [x6]  -  2[x7]  = -3
     3[x1]  +  2[x2]  +   [x3]            -   [x5]  -  2[x6]  -  3[x7]  =  8
===============================================================
Ma tran duoc bien doi la:
   1.00   2.00   3.00   4.00   5.00   6.00   7.00      |   8.00
   0.00  -1.00  -2.00  -3.00  -4.00  -5.00  -6.00      |  -7.00
   0.00   0.00   0.00   0.00   1.00   2.00   3.00      |   4.00
   0.00   0.00   0.00   0.00   0.00   0.00   0.00      |  12.00
   0.00   0.00   0.00   0.00   0.00   0.00   0.00      |   0.00
   0.00   0.00   0.00   0.00   0.00   0.00   0.00      |   0.00
   0.00   0.00   0.00   0.00   0.00   0.00   0.00      |   0.00

===============================================================
He phuong trinh vo nghiem.
